<?xml version="1.0" encoding="UTF-8"?>
<coverage generated="1752509926012" clover="3.2.0">
  <project timestamp="1752509926012" name="All files">
    <metrics statements="9" coveredstatements="7" conditionals="7" coveredconditionals="5" methods="1" coveredmethods="1" elements="17" coveredelements="13" complexity="0" loc="9" ncloc="9" packages="1" files="1" classes="1"/>
    <file name="FormatData.ts" path="C:\Users\jairo\Documents\proyectos-personales\MovieApp\src\common\helpers\FormatData.ts">
      <metrics statements="9" coveredstatements="7" conditionals="7" coveredconditionals="5" methods="1" coveredmethods="1"/>
      <line num="2" count="1" type="stmt"/>
      <line num="3" count="2" type="cond" truecount="1" falsecount="1"/>
      <line num="4" count="0" type="stmt"/>
      <line num="7" count="2" type="stmt"/>
      <line num="8" count="2" type="cond" truecount="4" falsecount="1"/>
      <line num="9" count="0" type="stmt"/>
      <line num="12" count="2" type="stmt"/>
      <line num="13" count="2" type="stmt"/>
      <line num="18" count="2" type="stmt"/>
    </file>
  </project>
</coverage>
