{"C:\\Users\\jairo\\Documents\\proyectos-personales\\MovieApp\\src\\common\\helpers\\FormatData.ts": {"path":"C:\\Users\\jairo\\Documents\\proyectos-personales\\MovieApp\\src\\common\\helpers\\FormatData.ts","statementMap":{"0":{"start":{"line":2,"column":26},"end":{"line":19,"column":1}},"1":{"start":{"line":3,"column":2},"end":{"line":5,"column":3}},"2":{"start":{"line":4,"column":4},"end":{"line":4,"column":14}},"3":{"start":{"line":7,"column":29},"end":{"line":7,"column":49}},"4":{"start":{"line":8,"column":2},"end":{"line":10,"column":3}},"5":{"start":{"line":9,"column":4},"end":{"line":9,"column":14}},"6":{"start":{"line":12,"column":15},"end":{"line":12,"column":75}},"7":{"start":{"line":13,"column":46},"end":{"line":17,"column":3}},"8":{"start":{"line":18,"column":2},"end":{"line":18,"column":52}}},"fnMap":{"0":{"name":"(anonymous_0)","decl":{"start":{"line":2,"column":26},"end":{"line":2,"column":27}},"loc":{"start":{"line":2,"column":55},"end":{"line":19,"column":1}},"line":2}},"branchMap":{"0":{"loc":{"start":{"line":3,"column":2},"end":{"line":5,"column":3}},"type":"if","locations":[{"start":{"line":3,"column":2},"end":{"line":5,"column":3}},{"start":{},"end":{}}],"line":3},"1":{"loc":{"start":{"line":8,"column":2},"end":{"line":10,"column":3}},"type":"if","locations":[{"start":{"line":8,"column":2},"end":{"line":10,"column":3}},{"start":{},"end":{}}],"line":8},"2":{"loc":{"start":{"line":8,"column":6},"end":{"line":8,"column":29}},"type":"binary-expr","locations":[{"start":{"line":8,"column":6},"end":{"line":8,"column":11}},{"start":{"line":8,"column":15},"end":{"line":8,"column":21}},{"start":{"line":8,"column":25},"end":{"line":8,"column":29}}],"line":8}},"s":{"0":1,"1":2,"2":0,"3":2,"4":2,"5":0,"6":2,"7":2,"8":2},"f":{"0":2},"b":{"0":[0,2],"1":[0,2],"2":[2,2,2]},"_coverageSchema":"1a1c01bbd47fc00a2c39e90264f33305004495a9","hash":"d1fa5a3004ace44f9eed8e50e521f2705b49abec"}
}
